<?xml version="1.0" encoding="utf-8"?>
<EntityDescriptor ID="_5495b16a-7b17-4411-bba2-832fb12b8fa0" entityID="https://saml.test-nemlog-in.dk/" xmlns="urn:oasis:names:tc:SAML:2.0:metadata" xmlns:xsi="http://www.w3.org/2001/XMLSchema-instance" xmlns:a="urn:oasis:names:tc:SAML:2.0:assertion">
  <IDPSSODescriptor WantAuthnRequestsSigned="true" protocolSupportEnumeration="urn:oasis:names:tc:SAML:2.0:protocol">
    <KeyDescriptor use="encryption">
      <KeyInfo xmlns="http://www.w3.org/2000/09/xmldsig#">
        <X509Data>
          <X509Certificate>
            MIIGKTCCBRGgAwIBAgIEWBkD8TANBgkqhkiG9w0BAQsFADBHMQswCQYDVQQGEwJE
            SzESMBAGA1UECgwJVFJVU1QyNDA4MSQwIgYDVQQDDBtUUlVTVDI0MDggU3lzdGVt
            dGVzdCBYSVggQ0EwHhcNMTcwNDIwMDgxODU2WhcNMjAwNDIwMDgxODI2WjCBljEL
            MAkGA1UEBhMCREsxMTAvBgNVBAoMKERpZ2l0YWxpc2VyaW5nc3N0eXJlbHNlbiAv
            LyBDVlI6MzQwNTExNzgxVDAgBgNVBAUTGUNWUjozNDA1MTE3OC1GSUQ6NTY5NDA0
            MTMwMAYDVQQDDClOZW1Mb2ctaW4gQURGUyBUZXN0IChmdW5rdGlvbnNjZXJ0aWZp
            a2F0KTCCASIwDQYJKoZIhvcNAQEBBQADggEPADCCAQoCggEBAJu6nF+J1+5LfnOc
            F1IetAM6RD9WA+5SPbfmMZFctyg4yifZL2ppkW7XUB5AUdZsFHpqFbZkTKbCeZFJ
            IpiraeBDQZtHt7mdHtL8/UF262FCGZdIqP77Kct323rhYcQqd9HfU5iHJZJ1D+H2
            zNdhqxnEGsTHivvg5Q2qtTUNh+nZqoAeBxPKEg3pHkhrs4QXqPPK+yBEcO8skhqd
            pMuHBWzo0ciUKz/S8oqO7y8wySqR2p6tZCVIMJg6gqwNeUzbxOPRy1MDk2KXNXdI
            6xGXtYQ/nUNnxSUl99/Dx0NxEXxMynZ6dJIL0RtqTfawtmGeR25LC3iE0WoLaeNB
            gTnmyj8CAwEAAaOCAsswggLHMA4GA1UdDwEB/wQEAwIDuDCBlwYIKwYBBQUHAQEE
            gYowgYcwPAYIKwYBBQUHMAGGMGh0dHA6Ly9vY3NwLnN5c3RlbXRlc3QxOS50cnVz
            dDI0MDguY29tL3Jlc3BvbmRlcjBHBggrBgEFBQcwAoY7aHR0cDovL2YuYWlhLnN5
            c3RlbXRlc3QxOS50cnVzdDI0MDguY29tL3N5c3RlbXRlc3QxOS1jYS5jZXIwggEg
            BgNVHSAEggEXMIIBEzCCAQ8GDSsGAQQBgfRRAgQGBAIwgf0wLwYIKwYBBQUHAgEW
            I2h0dHA6Ly93d3cudHJ1c3QyNDA4LmNvbS9yZXBvc2l0b3J5MIHJBggrBgEFBQcC
            AjCBvDAMFgVEYW5JRDADAgEBGoGrRGFuSUQgdGVzdCBjZXJ0aWZpa2F0ZXIgZnJh
            IGRlbm5lIENBIHVkc3RlZGVzIHVuZGVyIE9JRCAxLjMuNi4xLjQuMS4zMTMxMy4y
            LjQuNi40LjIuIERhbklEIHRlc3QgY2VydGlmaWNhdGVzIGZyb20gdGhpcyBDQSBh
            cmUgaXNzdWVkIHVuZGVyIE9JRCAxLjMuNi4xLjQuMS4zMTMxMy4yLjQuNi40LjIu
            MIGrBgNVHR8EgaMwgaAwPKA6oDiGNmh0dHA6Ly9jcmwuc3lzdGVtdGVzdDE5LnRy
            dXN0MjQwOC5jb20vc3lzdGVtdGVzdDE5LmNybDBgoF6gXKRaMFgxCzAJBgNVBAYT
            AkRLMRIwEAYDVQQKDAlUUlVTVDI0MDgxJDAiBgNVBAMMG1RSVVNUMjQwOCBTeXN0
            ZW10ZXN0IFhJWCBDQTEPMA0GA1UEAwwGQ1JMMTA2MB8GA1UdIwQYMBaAFMwCVQzk
            gXSvIFTVERRXnJFSOH+gMB0GA1UdDgQWBBRn40IAgUyGNBLIe9WVpg4dp2w6rzAJ
            BgNVHRMEAjAAMA0GCSqGSIb3DQEBCwUAA4IBAQANLBO8hF+ZyxkHZryhp6hLIPi9
            tH2TWZNYvv/Y9NW/tWWmVYkgNNAecwpYsm5EzMAmlJiYF0KxZZ0jMIcyUM1q6aG8
            TOnym8nDKw7kXNegLjH7ZO/uhPabRtCaJmyrYUnwRjgHVmB2h8rsfqV3ACdCAROG
            8OSSgFdMs9hTHLQLOBxnbhXD+Ohv8taArKnXvgSEb4jbYa78SJ+WD/8Ov3CIlm/i
            ABbTwPOu1oqa+2c3mURzgEZZlUAb8sor+0Ig1QW3zicDcIVVVk+EmV9SUMxOR437
            wTJ2KYvU6XziTupCgMWLmrY52lIJ+uS4XMNmxoc60ajUyUZXFYEhVQkH85Qv
          </X509Certificate>
        </X509Data>
      </KeyInfo>
    </KeyDescriptor>
    <KeyDescriptor use="signing">
      <KeyInfo xmlns="http://www.w3.org/2000/09/xmldsig#">
        <X509Data>
          <X509Certificate>
            MIIGKTCCBRGgAwIBAgIEWBkD8TANBgkqhkiG9w0BAQsFADBHMQswCQYDVQQGEwJE
            SzESMBAGA1UECgwJVFJVU1QyNDA4MSQwIgYDVQQDDBtUUlVTVDI0MDggU3lzdGVt
            dGVzdCBYSVggQ0EwHhcNMTcwNDIwMDgxODU2WhcNMjAwNDIwMDgxODI2WjCBljEL
            MAkGA1UEBhMCREsxMTAvBgNVBAoMKERpZ2l0YWxpc2VyaW5nc3N0eXJlbHNlbiAv
            LyBDVlI6MzQwNTExNzgxVDAgBgNVBAUTGUNWUjozNDA1MTE3OC1GSUQ6NTY5NDA0
            MTMwMAYDVQQDDClOZW1Mb2ctaW4gQURGUyBUZXN0IChmdW5rdGlvbnNjZXJ0aWZp
            a2F0KTCCASIwDQYJKoZIhvcNAQEBBQADggEPADCCAQoCggEBAJu6nF+J1+5LfnOc
            F1IetAM6RD9WA+5SPbfmMZFctyg4yifZL2ppkW7XUB5AUdZsFHpqFbZkTKbCeZFJ
            IpiraeBDQZtHt7mdHtL8/UF262FCGZdIqP77Kct323rhYcQqd9HfU5iHJZJ1D+H2
            zNdhqxnEGsTHivvg5Q2qtTUNh+nZqoAeBxPKEg3pHkhrs4QXqPPK+yBEcO8skhqd
            pMuHBWzo0ciUKz/S8oqO7y8wySqR2p6tZCVIMJg6gqwNeUzbxOPRy1MDk2KXNXdI
            6xGXtYQ/nUNnxSUl99/Dx0NxEXxMynZ6dJIL0RtqTfawtmGeR25LC3iE0WoLaeNB
            gTnmyj8CAwEAAaOCAsswggLHMA4GA1UdDwEB/wQEAwIDuDCBlwYIKwYBBQUHAQEE
            gYowgYcwPAYIKwYBBQUHMAGGMGh0dHA6Ly9vY3NwLnN5c3RlbXRlc3QxOS50cnVz
            dDI0MDguY29tL3Jlc3BvbmRlcjBHBggrBgEFBQcwAoY7aHR0cDovL2YuYWlhLnN5
            c3RlbXRlc3QxOS50cnVzdDI0MDguY29tL3N5c3RlbXRlc3QxOS1jYS5jZXIwggEg
            BgNVHSAEggEXMIIBEzCCAQ8GDSsGAQQBgfRRAgQGBAIwgf0wLwYIKwYBBQUHAgEW
            I2h0dHA6Ly93d3cudHJ1c3QyNDA4LmNvbS9yZXBvc2l0b3J5MIHJBggrBgEFBQcC
            AjCBvDAMFgVEYW5JRDADAgEBGoGrRGFuSUQgdGVzdCBjZXJ0aWZpa2F0ZXIgZnJh
            IGRlbm5lIENBIHVkc3RlZGVzIHVuZGVyIE9JRCAxLjMuNi4xLjQuMS4zMTMxMy4y
            LjQuNi40LjIuIERhbklEIHRlc3QgY2VydGlmaWNhdGVzIGZyb20gdGhpcyBDQSBh
            cmUgaXNzdWVkIHVuZGVyIE9JRCAxLjMuNi4xLjQuMS4zMTMxMy4yLjQuNi40LjIu
            MIGrBgNVHR8EgaMwgaAwPKA6oDiGNmh0dHA6Ly9jcmwuc3lzdGVtdGVzdDE5LnRy
            dXN0MjQwOC5jb20vc3lzdGVtdGVzdDE5LmNybDBgoF6gXKRaMFgxCzAJBgNVBAYT
            AkRLMRIwEAYDVQQKDAlUUlVTVDI0MDgxJDAiBgNVBAMMG1RSVVNUMjQwOCBTeXN0
            ZW10ZXN0IFhJWCBDQTEPMA0GA1UEAwwGQ1JMMTA2MB8GA1UdIwQYMBaAFMwCVQzk
            gXSvIFTVERRXnJFSOH+gMB0GA1UdDgQWBBRn40IAgUyGNBLIe9WVpg4dp2w6rzAJ
            BgNVHRMEAjAAMA0GCSqGSIb3DQEBCwUAA4IBAQANLBO8hF+ZyxkHZryhp6hLIPi9
            tH2TWZNYvv/Y9NW/tWWmVYkgNNAecwpYsm5EzMAmlJiYF0KxZZ0jMIcyUM1q6aG8
            TOnym8nDKw7kXNegLjH7ZO/uhPabRtCaJmyrYUnwRjgHVmB2h8rsfqV3ACdCAROG
            8OSSgFdMs9hTHLQLOBxnbhXD+Ohv8taArKnXvgSEb4jbYa78SJ+WD/8Ov3CIlm/i
            ABbTwPOu1oqa+2c3mURzgEZZlUAb8sor+0Ig1QW3zicDcIVVVk+EmV9SUMxOR437
            wTJ2KYvU6XziTupCgMWLmrY52lIJ+uS4XMNmxoc60ajUyUZXFYEhVQkH85Qv
          </X509Certificate>
        </X509Data>
      </KeyInfo>
    </KeyDescriptor>
    <SingleLogoutService Binding="urn:oasis:names:tc:SAML:2.0:bindings:HTTP-Redirect" Location="https://login.test-nemlog-in.dk/adfs/ls/"/>
    <SingleLogoutService Binding="urn:oasis:names:tc:SAML:2.0:bindings:HTTP-POST" Location="https://login.test-nemlog-in.dk/adfs/ls/"/>
    <NameIDFormat>urn:oasis:names:tc:SAML:1.1:nameid-format:X509SubjectName</NameIDFormat>
    <NameIDFormat>urn:oasis:names:tc:SAML:2.0:nameid-format:persistent</NameIDFormat>
    <SingleSignOnService Binding="urn:oasis:names:tc:SAML:2.0:bindings:HTTP-Redirect" Location="https://login.test-nemlog-in.dk/adfs/ls/"/>
    <a:Attribute Name="dk:gov:saml:attribute:AssuranceLevel" NameFormat="urn:oasis:names:tc:SAML:2.0:attrname-format:basic" FriendlyName="Assurance Level"/>
    <a:Attribute Name="urn:oid:2.5.29.29" NameFormat="urn:oasis:names:tc:SAML:2.0:attrname-format:basic" FriendlyName="Certificate Issuer DN"/>
    <a:Attribute Name="urn:oid:2.5.4.3" NameFormat="urn:oasis:names:tc:SAML:2.0:attrname-format:basic" FriendlyName="Common Name"/>
    <a:Attribute Name="dk:gov:saml:attribute:CprNumberIdentifier" NameFormat="urn:oasis:names:tc:SAML:2.0:attrname-format:basic" FriendlyName="CPR Number Identifier"/>
    <a:Attribute Name="dk:gov:saml:attribute:CvrNumberIdentifier" NameFormat="urn:oasis:names:tc:SAML:2.0:attrname-format:basic" FriendlyName="CVR Number Identifier"/>
    <a:Attribute Name="urn:oid:0.9.2342.19200300.100.1.3" NameFormat="urn:oasis:names:tc:SAML:2.0:attrname-format:basic" FriendlyName="email"/>
    <a:Attribute Name="dk:gov:saml:attribute:IsYouthCert" NameFormat="urn:oasis:names:tc:SAML:2.0:attrname-format:basic" FriendlyName="Is Youth Certificate"/>
    <a:Attribute Name="urn:oid:2.5.4.65" NameFormat="urn:oasis:names:tc:SAML:2.0:attrname-format:basic" FriendlyName="OCES Pseudonym"/>
    <a:Attribute Name="urn:oid:2.5.4.10" NameFormat="urn:oasis:names:tc:SAML:2.0:attrname-format:basic" FriendlyName="Organisation Name"/>
    <a:Attribute Name="urn:oid:2.5.4.11" NameFormat="urn:oasis:names:tc:SAML:2.0:attrname-format:basic" FriendlyName="Organisation Unit"/>
    <a:Attribute Name="dk:gov:saml:attribute:PidNumberIdentifier" NameFormat="urn:oasis:names:tc:SAML:2.0:attrname-format:basic" FriendlyName="PID Number Identifier"/>
    <a:Attribute Name="urn:oid:2.5.4.16" NameFormat="urn:oasis:names:tc:SAML:2.0:attrname-format:basic" FriendlyName="Postal Address"/>
    <a:Attribute Name="dk:gov:saml:attribute:RidNumberIdentifier" NameFormat="urn:oasis:names:tc:SAML:2.0:attrname-format:basic" FriendlyName="RID Number Identifier"/>
    <a:Attribute Name="urn:oid:2.5.4.5" NameFormat="urn:oasis:names:tc:SAML:2.0:attrname-format:basic" FriendlyName="Serialnumber"/>
    <a:Attribute Name="dk:gov:saml:attribute:SpecVer" NameFormat="urn:oasis:names:tc:SAML:2.0:attrname-format:basic" FriendlyName="Specification Version"/>
    <a:Attribute Name="urn:oid:0.9.2342.19200300.100.1.1" NameFormat="urn:oasis:names:tc:SAML:2.0:attrname-format:basic" FriendlyName="SubjectSerialNumber"/>
    <a:Attribute Name="urn:oid:2.5.4.4" NameFormat="urn:oasis:names:tc:SAML:2.0:attrname-format:basic" FriendlyName="Surname"/>
    <a:Attribute Name="urn:oid:2.5.4.12" NameFormat="urn:oasis:names:tc:SAML:2.0:attrname-format:basic" FriendlyName="Title"/>
    <a:Attribute Name="urn:oid:1.3.6.1.4.1.1466.115.121.1.8" NameFormat="urn:oasis:names:tc:SAML:2.0:attrname-format:basic" FriendlyName="User Certificate"/>
    <a:Attribute Name="dk:gov:saml:attribute:ProductionUnitIdentifier" NameFormat="urn:oasis:names:tc:SAML:2.0:attrname-format:basic" FriendlyName="ProductionUnitIdentifier"/>
    <a:Attribute Name="dk:gov:saml:attribute:UserAdministratorIndicator" NameFormat="urn:oasis:names:tc:SAML:2.0:attrname-format:basic" FriendlyName="UserAdministratorIndicator"/>
    <a:Attribute Name="dk:gov:saml:attribute:seNumberIdentifier" NameFormat="urn:oasis:names:tc:SAML:2.0:attrname-format:basic" FriendlyName="SeNumberIdentifier"/>
    <a:Attribute Name="dk:gov:saml:attribute:UniqueAccountKey" NameFormat="urn:oasis:names:tc:SAML:2.0:attrname-format:basic" FriendlyName="UniqueAccountKey"/>
    <a:Attribute Name="dk:gov:saml:attribute:Privileges_intermediate" NameFormat="urn:oasis:names:tc:SAML:2.0:attrname-format:basic" FriendlyName="Privileges"/>
    <a:Attribute Name="urn:liberty:disco:2006-08:DiscoveryEPR" NameFormat="urn:oasis:names:tc:SAML:2.0:attrname-format:basic" FriendlyName="STS Bootstrap Token" />
    <a:Attribute Name="dk:gov:saml:attribute:AuthorizedToRepresent" NameFormat="urn:oasis:names:tc:SAML:2.0:attrname-format:basic" FriendlyName="AuthorizedToRepresent" />
  </IDPSSODescriptor>
  <AttributeAuthorityDescriptor protocolSupportEnumeration="urn:oasis:names:tc:SAML:2.0:protocol">
    <KeyDescriptor use="encryption">
      <KeyInfo xmlns="http://www.w3.org/2000/09/xmldsig#">
        <X509Data>
          <X509Certificate>
            MIIGKTCCBRGgAwIBAgIEWBkD8TANBgkqhkiG9w0BAQsFADBHMQswCQYDVQQGEwJE
            SzESMBAGA1UECgwJVFJVU1QyNDA4MSQwIgYDVQQDDBtUUlVTVDI0MDggU3lzdGVt
            dGVzdCBYSVggQ0EwHhcNMTcwNDIwMDgxODU2WhcNMjAwNDIwMDgxODI2WjCBljEL
            MAkGA1UEBhMCREsxMTAvBgNVBAoMKERpZ2l0YWxpc2VyaW5nc3N0eXJlbHNlbiAv
            LyBDVlI6MzQwNTExNzgxVDAgBgNVBAUTGUNWUjozNDA1MTE3OC1GSUQ6NTY5NDA0
            MTMwMAYDVQQDDClOZW1Mb2ctaW4gQURGUyBUZXN0IChmdW5rdGlvbnNjZXJ0aWZp
            a2F0KTCCASIwDQYJKoZIhvcNAQEBBQADggEPADCCAQoCggEBAJu6nF+J1+5LfnOc
            F1IetAM6RD9WA+5SPbfmMZFctyg4yifZL2ppkW7XUB5AUdZsFHpqFbZkTKbCeZFJ
            IpiraeBDQZtHt7mdHtL8/UF262FCGZdIqP77Kct323rhYcQqd9HfU5iHJZJ1D+H2
            zNdhqxnEGsTHivvg5Q2qtTUNh+nZqoAeBxPKEg3pHkhrs4QXqPPK+yBEcO8skhqd
            pMuHBWzo0ciUKz/S8oqO7y8wySqR2p6tZCVIMJg6gqwNeUzbxOPRy1MDk2KXNXdI
            6xGXtYQ/nUNnxSUl99/Dx0NxEXxMynZ6dJIL0RtqTfawtmGeR25LC3iE0WoLaeNB
            gTnmyj8CAwEAAaOCAsswggLHMA4GA1UdDwEB/wQEAwIDuDCBlwYIKwYBBQUHAQEE
            gYowgYcwPAYIKwYBBQUHMAGGMGh0dHA6Ly9vY3NwLnN5c3RlbXRlc3QxOS50cnVz
            dDI0MDguY29tL3Jlc3BvbmRlcjBHBggrBgEFBQcwAoY7aHR0cDovL2YuYWlhLnN5
            c3RlbXRlc3QxOS50cnVzdDI0MDguY29tL3N5c3RlbXRlc3QxOS1jYS5jZXIwggEg
            BgNVHSAEggEXMIIBEzCCAQ8GDSsGAQQBgfRRAgQGBAIwgf0wLwYIKwYBBQUHAgEW
            I2h0dHA6Ly93d3cudHJ1c3QyNDA4LmNvbS9yZXBvc2l0b3J5MIHJBggrBgEFBQcC
            AjCBvDAMFgVEYW5JRDADAgEBGoGrRGFuSUQgdGVzdCBjZXJ0aWZpa2F0ZXIgZnJh
            IGRlbm5lIENBIHVkc3RlZGVzIHVuZGVyIE9JRCAxLjMuNi4xLjQuMS4zMTMxMy4y
            LjQuNi40LjIuIERhbklEIHRlc3QgY2VydGlmaWNhdGVzIGZyb20gdGhpcyBDQSBh
            cmUgaXNzdWVkIHVuZGVyIE9JRCAxLjMuNi4xLjQuMS4zMTMxMy4yLjQuNi40LjIu
            MIGrBgNVHR8EgaMwgaAwPKA6oDiGNmh0dHA6Ly9jcmwuc3lzdGVtdGVzdDE5LnRy
            dXN0MjQwOC5jb20vc3lzdGVtdGVzdDE5LmNybDBgoF6gXKRaMFgxCzAJBgNVBAYT
            AkRLMRIwEAYDVQQKDAlUUlVTVDI0MDgxJDAiBgNVBAMMG1RSVVNUMjQwOCBTeXN0
            ZW10ZXN0IFhJWCBDQTEPMA0GA1UEAwwGQ1JMMTA2MB8GA1UdIwQYMBaAFMwCVQzk
            gXSvIFTVERRXnJFSOH+gMB0GA1UdDgQWBBRn40IAgUyGNBLIe9WVpg4dp2w6rzAJ
            BgNVHRMEAjAAMA0GCSqGSIb3DQEBCwUAA4IBAQANLBO8hF+ZyxkHZryhp6hLIPi9
            tH2TWZNYvv/Y9NW/tWWmVYkgNNAecwpYsm5EzMAmlJiYF0KxZZ0jMIcyUM1q6aG8
            TOnym8nDKw7kXNegLjH7ZO/uhPabRtCaJmyrYUnwRjgHVmB2h8rsfqV3ACdCAROG
            8OSSgFdMs9hTHLQLOBxnbhXD+Ohv8taArKnXvgSEb4jbYa78SJ+WD/8Ov3CIlm/i
            ABbTwPOu1oqa+2c3mURzgEZZlUAb8sor+0Ig1QW3zicDcIVVVk+EmV9SUMxOR437
            wTJ2KYvU6XziTupCgMWLmrY52lIJ+uS4XMNmxoc60ajUyUZXFYEhVQkH85Qv
          </X509Certificate>
        </X509Data>
      </KeyInfo>
    </KeyDescriptor>
    <KeyDescriptor use="signing">
      <KeyInfo xmlns="http://www.w3.org/2000/09/xmldsig#">
        <X509Data>
          <X509Certificate>
            MIIGKTCCBRGgAwIBAgIEWBkD8TANBgkqhkiG9w0BAQsFADBHMQswCQYDVQQGEwJE
            SzESMBAGA1UECgwJVFJVU1QyNDA4MSQwIgYDVQQDDBtUUlVTVDI0MDggU3lzdGVt
            dGVzdCBYSVggQ0EwHhcNMTcwNDIwMDgxODU2WhcNMjAwNDIwMDgxODI2WjCBljEL
            MAkGA1UEBhMCREsxMTAvBgNVBAoMKERpZ2l0YWxpc2VyaW5nc3N0eXJlbHNlbiAv
            LyBDVlI6MzQwNTExNzgxVDAgBgNVBAUTGUNWUjozNDA1MTE3OC1GSUQ6NTY5NDA0
            MTMwMAYDVQQDDClOZW1Mb2ctaW4gQURGUyBUZXN0IChmdW5rdGlvbnNjZXJ0aWZp
            a2F0KTCCASIwDQYJKoZIhvcNAQEBBQADggEPADCCAQoCggEBAJu6nF+J1+5LfnOc
            F1IetAM6RD9WA+5SPbfmMZFctyg4yifZL2ppkW7XUB5AUdZsFHpqFbZkTKbCeZFJ
            IpiraeBDQZtHt7mdHtL8/UF262FCGZdIqP77Kct323rhYcQqd9HfU5iHJZJ1D+H2
            zNdhqxnEGsTHivvg5Q2qtTUNh+nZqoAeBxPKEg3pHkhrs4QXqPPK+yBEcO8skhqd
            pMuHBWzo0ciUKz/S8oqO7y8wySqR2p6tZCVIMJg6gqwNeUzbxOPRy1MDk2KXNXdI
            6xGXtYQ/nUNnxSUl99/Dx0NxEXxMynZ6dJIL0RtqTfawtmGeR25LC3iE0WoLaeNB
            gTnmyj8CAwEAAaOCAsswggLHMA4GA1UdDwEB/wQEAwIDuDCBlwYIKwYBBQUHAQEE
            gYowgYcwPAYIKwYBBQUHMAGGMGh0dHA6Ly9vY3NwLnN5c3RlbXRlc3QxOS50cnVz
            dDI0MDguY29tL3Jlc3BvbmRlcjBHBggrBgEFBQcwAoY7aHR0cDovL2YuYWlhLnN5
            c3RlbXRlc3QxOS50cnVzdDI0MDguY29tL3N5c3RlbXRlc3QxOS1jYS5jZXIwggEg
            BgNVHSAEggEXMIIBEzCCAQ8GDSsGAQQBgfRRAgQGBAIwgf0wLwYIKwYBBQUHAgEW
            I2h0dHA6Ly93d3cudHJ1c3QyNDA4LmNvbS9yZXBvc2l0b3J5MIHJBggrBgEFBQcC
            AjCBvDAMFgVEYW5JRDADAgEBGoGrRGFuSUQgdGVzdCBjZXJ0aWZpa2F0ZXIgZnJh
            IGRlbm5lIENBIHVkc3RlZGVzIHVuZGVyIE9JRCAxLjMuNi4xLjQuMS4zMTMxMy4y
            LjQuNi40LjIuIERhbklEIHRlc3QgY2VydGlmaWNhdGVzIGZyb20gdGhpcyBDQSBh
            cmUgaXNzdWVkIHVuZGVyIE9JRCAxLjMuNi4xLjQuMS4zMTMxMy4yLjQuNi40LjIu
            MIGrBgNVHR8EgaMwgaAwPKA6oDiGNmh0dHA6Ly9jcmwuc3lzdGVtdGVzdDE5LnRy
            dXN0MjQwOC5jb20vc3lzdGVtdGVzdDE5LmNybDBgoF6gXKRaMFgxCzAJBgNVBAYT
            AkRLMRIwEAYDVQQKDAlUUlVTVDI0MDgxJDAiBgNVBAMMG1RSVVNUMjQwOCBTeXN0
            ZW10ZXN0IFhJWCBDQTEPMA0GA1UEAwwGQ1JMMTA2MB8GA1UdIwQYMBaAFMwCVQzk
            gXSvIFTVERRXnJFSOH+gMB0GA1UdDgQWBBRn40IAgUyGNBLIe9WVpg4dp2w6rzAJ
            BgNVHRMEAjAAMA0GCSqGSIb3DQEBCwUAA4IBAQANLBO8hF+ZyxkHZryhp6hLIPi9
            tH2TWZNYvv/Y9NW/tWWmVYkgNNAecwpYsm5EzMAmlJiYF0KxZZ0jMIcyUM1q6aG8
            TOnym8nDKw7kXNegLjH7ZO/uhPabRtCaJmyrYUnwRjgHVmB2h8rsfqV3ACdCAROG
            8OSSgFdMs9hTHLQLOBxnbhXD+Ohv8taArKnXvgSEb4jbYa78SJ+WD/8Ov3CIlm/i
            ABbTwPOu1oqa+2c3mURzgEZZlUAb8sor+0Ig1QW3zicDcIVVVk+EmV9SUMxOR437
            wTJ2KYvU6XziTupCgMWLmrY52lIJ+uS4XMNmxoc60ajUyUZXFYEhVQkH85Qv
          </X509Certificate>
        </X509Data>
      </KeyInfo>
    </KeyDescriptor>
    <AttributeService Binding="urn:oasis:names:tc:SAML:2.0:bindings:SOAP" Location="https://attributequery.test-nemlog-in.dk/AttributeQuery.svc"/>
    <NameIDFormat>urn:oasis:names:tc:SAML:1.1:nameid-format:X509SubjectName</NameIDFormat>
    <a:Attribute Name="urn:oid:2.5.29.29" NameFormat="urn:oasis:names:tc:SAML:2.0:attrname-format:basic" FriendlyName="Certificate Issuer DN"/>
    <a:Attribute Name="urn:oid:2.5.4.3" NameFormat="urn:oasis:names:tc:SAML:2.0:attrname-format:basic" FriendlyName="Common Name"/>
    <a:Attribute Name="dk:gov:saml:attribute:CprNumberIdentifier" NameFormat="urn:oasis:names:tc:SAML:2.0:attrname-format:basic" FriendlyName="CPR Number Identifier"/>
    <a:Attribute Name="dk:gov:saml:attribute:CvrNumberIdentifier" NameFormat="urn:oasis:names:tc:SAML:2.0:attrname-format:basic" FriendlyName="CVR Number Identifier"/>
    <a:Attribute Name="urn:oid:0.9.2342.19200300.100.1.3" NameFormat="urn:oasis:names:tc:SAML:2.0:attrname-format:basic" FriendlyName="email"/>
    <a:Attribute Name="dk:gov:saml:attribute:IsYouthCert" NameFormat="urn:oasis:names:tc:SAML:2.0:attrname-format:basic" FriendlyName="Is Youth Certificate"/>
    <a:Attribute Name="urn:oid:2.5.4.10" NameFormat="urn:oasis:names:tc:SAML:2.0:attrname-format:basic" FriendlyName="Organisation Name"/>
    <a:Attribute Name="urn:oid:2.5.4.11" NameFormat="urn:oasis:names:tc:SAML:2.0:attrname-format:basic" FriendlyName="Organisation Unit"/>
    <a:Attribute Name="dk:gov:saml:attribute:PidNumberIdentifier" NameFormat="urn:oasis:names:tc:SAML:2.0:attrname-format:basic" FriendlyName="PID Number Identifier"/>
    <a:Attribute Name="urn:oid:2.5.4.16" NameFormat="urn:oasis:names:tc:SAML:2.0:attrname-format:basic" FriendlyName="Postal Address"/>
    <a:Attribute Name="dk:gov:saml:attribute:RidNumberIdentifier" NameFormat="urn:oasis:names:tc:SAML:2.0:attrname-format:basic" FriendlyName="RID Number Identifier"/>
    <a:Attribute Name="urn:oid:2.5.4.5" NameFormat="urn:oasis:names:tc:SAML:2.0:attrname-format:basic" FriendlyName="Serialnumber"/>
    <a:Attribute Name="dk:gov:saml:attribute:SpecVer" NameFormat="urn:oasis:names:tc:SAML:2.0:attrname-format:basic" FriendlyName="Specification Version"/>
    <a:Attribute Name="urn:oid:0.9.2342.19200300.100.1.1" NameFormat="urn:oasis:names:tc:SAML:2.0:attrname-format:basic" FriendlyName="SubjectSerialNumber"/>
    <a:Attribute Name="urn:oid:2.5.4.4" NameFormat="urn:oasis:names:tc:SAML:2.0:attrname-format:basic" FriendlyName="Surname"/>
    <a:Attribute Name="urn:oid:2.5.4.12" NameFormat="urn:oasis:names:tc:SAML:2.0:attrname-format:basic" FriendlyName="Title"/>
    <a:Attribute Name="urn:oid:1.3.6.1.4.1.1466.115.121.1.8" NameFormat="urn:oasis:names:tc:SAML:2.0:attrname-format:basic" FriendlyName="User Certificate"/>
    <a:Attribute Name="dk:gov:saml:attribute:ProductionUnitIdentifier" NameFormat="urn:oasis:names:tc:SAML:2.0:attrname-format:basic" FriendlyName="ProductionUnitIdentifier"/>
    <a:Attribute Name="dk:gov:saml:attribute:UserAdministratorIndicator" NameFormat="urn:oasis:names:tc:SAML:2.0:attrname-format:basic" FriendlyName="UserAdministratorIndicator"/>
    <a:Attribute Name="dk:gov:saml:attribute:seNumberIdentifier" NameFormat="urn:oasis:names:tc:SAML:2.0:attrname-format:basic" FriendlyName="SeNumberIdentifier"/>
    <a:Attribute Name="dk:gov:saml:attribute:UniqueAccountKey" NameFormat="urn:oasis:names:tc:SAML:2.0:attrname-format:basic" FriendlyName="UniqueAccountKey"/>
    <a:Attribute Name="dk:gov:saml:attribute:Privileges_intermediate" NameFormat="urn:oasis:names:tc:SAML:2.0:attrname-format:basic" FriendlyName="Privileges"/>
  </AttributeAuthorityDescriptor>
  <ContactPerson contactType="administrative">
    <Company>NemLog-in</Company>
    <GivenName>Kenneth</GivenName>
    <SurName>Mose Kruuse</SurName>
    <EmailAddress>nemlogin@digst.dk</EmailAddress>
    <TelephoneNumber>40733354</TelephoneNumber>
  </ContactPerson>
</EntityDescriptor>