<EntityDescriptor xmlns:xsi="http://www.w3.org/2001/XMLSchema-instance" xmlns:a="urn:oasis:names:tc:SAML:2.0:assertion" xmlns="urn:oasis:names:tc:SAML:2.0:metadata" ID="_5495b16a-7b17-4411-bba2-832fb12b8fa0" entityID="https://saml.test-devtest4-nemlog-in.dk">
    <IDPSSODescriptor WantAuthnRequestsSigned="true" protocolSupportEnumeration="urn:oasis:names:tc:SAML:2.0:protocol">
        <KeyDescriptor use="signing">
            <KeyInfo xmlns="http://www.w3.org/2000/09/xmldsig#">
                <X509Data>
                    <X509Certificate>MIIGGjCCBQKgAwIBAgIEW6zG/jANBgkqhkiG9w0BAQsFADBIMQswCQYDVQQGEwJESzESMBAGA1UECgwJVFJVU1QyNDA4MSUwIwYDVQQDDBxUUlVTVDI0MDggU3lzdGVtdGVzdCBYWElJIENBMB4XDTE5MTAyOTE0MjE0MFoXDTIyMTAyOTEzMjExOFowgYQxCzAJBgNVBAYTAkRLMSEwHwYDVQQKDBhOTklUIEEvUyAvLyBDVlI6MjEwOTMxMDYxUjAlBgNVBAUTHkNWUjoyMTA5MzEwNi1GSUQ6MTMzNjQ2NzA5MjUwNzApBgNVBAMMIktGT0JTIC0gQURGUyAoZnVua3Rpb25zY2VydGlmaWthdCkwggEiMA0GCSqGSIb3DQEBAQUAA4IBDwAwggEKAoIBAQCimtnHLrxSJQ7e/9R8caWzAHESmFO1chI1oMlL7tfMflH5Ndgs9pfqfWKWI34hCTKEIitbGpi345q7tCSQDn8TMYQA/kmoT6zfCXUIDgi8QqZhr2qRhl9/j5s6dWN1H1E3P0fuoujJ4Kl1YAeWkdtuDWXvLXCboRV4CNR1tRZziFm1bQJg8sccB/dw4yC7PLrwAFUC4jwmaxQNk7zpZzD59SlVkK04v8nPAauJ29jz52WxIjxH7g36CCebsU8tNBI4k+Sx+IKtL35KPwGVmkXxYFOu20ljzohaMpBFXKk2YlEl9Mz4LuhIlmDPikI5NifJKrXhaUq4yHWdavsXaiavAgMBAAGjggLNMIICyTAOBgNVHQ8BAf8EBAMCA7gwgZcGCCsGAQUFBwEBBIGKMIGHMDwGCCsGAQUFBzABhjBodHRwOi8vb2NzcC5zeXN0ZW10ZXN0MjIudHJ1c3QyNDA4LmNvbS9yZXNwb25kZXIwRwYIKwYBBQUHMAKGO2h0dHA6Ly9mLmFpYS5zeXN0ZW10ZXN0MjIudHJ1c3QyNDA4LmNvbS9zeXN0ZW10ZXN0MjItY2EuY2VyMIIBIAYDVR0gBIIBFzCCARMwggEPBg0rBgEEAYH0UQIEBgQCMIH9MC8GCCsGAQUFBwIBFiNodHRwOi8vd3d3LnRydXN0MjQwOC5jb20vcmVwb3NpdG9yeTCByQYIKwYBBQUHAgIwgbwwDBYFRGFuSUQwAwIBARqBq0RhbklEIHRlc3QgY2VydGlmaWthdGVyIGZyYSBkZW5uZSBDQSB1ZHN0ZWRlcyB1bmRlciBPSUQgMS4zLjYuMS40LjEuMzEzMTMuMi40LjYuNC4yLiBEYW5JRCB0ZXN0IGNlcnRpZmljYXRlcyBmcm9tIHRoaXMgQ0EgYXJlIGlzc3VlZCB1bmRlciBPSUQgMS4zLjYuMS40LjEuMzEzMTMuMi40LjYuNC4yLjCBrQYDVR0fBIGlMIGiMD2gO6A5hjdodHRwOi8vY3JsLnN5c3RlbXRlc3QyMi50cnVzdDI0MDguY29tL3N5c3RlbXRlc3QyMjEuY3JsMGGgX6BdpFswWTELMAkGA1UEBhMCREsxEjAQBgNVBAoMCVRSVVNUMjQwODElMCMGA1UEAwwcVFJVU1QyNDA4IFN5c3RlbXRlc3QgWFhJSSBDQTEPMA0GA1UEAwwGQ1JMMTk0MB8GA1UdIwQYMBaAFKuoAUQZsLNDmdr6fMzSABgD5zy/MB0GA1UdDgQWBBSpt8j6qPtgnNxSmA6WuGctKPIUOzAJBgNVHRMEAjAAMA0GCSqGSIb3DQEBCwUAA4IBAQBjCecvD42FxJyEcQ0RRSTJxjV002KM2NJYCwPQ/iBPuTcDqPUR7s48C+FX7Crw+SG6Ls74y9KxUxX9i87irSITe73SrkDH1Vh+L1nQmg85RxCsHIVh++fwB8kAQPxzrVIXW4k8ZirzNDBaQe6WY/R5WT0EW/ETWnYv+T4Mrapg+Ljj/5x2YAJJZos8P98PCjKdq/UirLrtXsQJ4Xt1yBnHyerVkUhDBb54yd7UFtSbM+nAGsKvwV+4hnYa18pgtTsyHJ+3aPOK86ZUIww/8v5Dza/BmYT3XpayGms53oFMBZ35TVPs9VMMDxkln2FPBqCSP+KCQMLnnC5DFANyIyLx</X509Certificate>
                </X509Data>
            </KeyInfo>
        </KeyDescriptor>
        <SingleLogoutService Binding="urn:oasis:names:tc:SAML:2.0:bindings:HTTP-Redirect" Location="https://test-devtest4-nemlog-in.dk/idp/saml/3.0/"/>
        <SingleLogoutService Binding="urn:oasis:names:tc:SAML:2.0:bindings:HTTP-POST" Location="https://test-devtest4-nemlog-in.dk/idp/saml/3.0/"/>
        <NameIDFormat>urn:oasis:names:tc:SAML:2.0:nameid-format:transient</NameIDFormat>
        <NameIDFormat>urn:oasis:names:tc:SAML:2.0:nameid-format:persistent</NameIDFormat>
        <SingleSignOnService Binding="urn:oasis:names:tc:SAML:2.0:bindings:HTTP-Redirect" Location="https://test-devtest4-nemlog-in.dk/idp/saml/3.0/"/>
        <a:RequestedAttribute Name="https://data.gov.dk/model/core/eid/professional/uuid/persistent" FriendlyName="ProfessionalPersistentUUID" NameFormat="urn:oasis:names:tc:SAML:2.0:attrname-format:basic" isRequired="true"/>
        <a:RequestedAttribute Name="https://data.gov.dk/model/core/eid/fullName" FriendlyName="FullName" NameFormat="urn:oasis:names:tc:SAML:2.0:attrname-format:basic" isRequired="true"/>
        <a:RequestedAttribute Name="https://data.gov.dk/model/core/eid/cprUuid" FriendlyName="CprUUID" NameFormat="urn:oasis:names:tc:SAML:2.0:attrname-format:basic" isRequired="true"/>
        <a:RequestedAttribute Name="https://data.gov.dk/model/core/eid/dateOfBirth" FriendlyName="DateOfBirth" NameFormat="urn:oasis:names:tc:SAML:2.0:attrname-format:basic" isRequired="true"/>
        <a:RequestedAttribute Name="https://data.gov.dk/model/core/eid/alias" FriendlyName="Alias" NameFormat="urn:oasis:names:tc:SAML:2.0:attrname-format:basic" isRequired="true"/>
        <a:RequestedAttribute Name="https://data.gov.dk/concept/core/nsis/loa" FriendlyName="NsisLoA" NameFormat="urn:oasis:names:tc:SAML:2.0:attrname-format:basic" isRequired="true"/>
        <a:RequestedAttribute Name="https://data.gov.dk/model/core/eid/firstName" FriendlyName="FirstName" NameFormat="urn:oasis:names:tc:SAML:2.0:attrname-format:basic" isRequired="true"/>
        <a:RequestedAttribute Name="https://data.gov.dk/model/core/eid/lastName" FriendlyName="LastName" NameFormat="urn:oasis:names:tc:SAML:2.0:attrname-format:basic" isRequired="true"/>
        <a:RequestedAttribute Name="https://data.gov.dk/model/core/eid/email" FriendlyName="Email" NameFormat="urn:oasis:names:tc:SAML:2.0:attrname-format:basic" isRequired="true"/>
        <a:RequestedAttribute Name="https://data.gov.dk/model/core/eid/cprNumber" FriendlyName="Cpr" NameFormat="urn:oasis:names:tc:SAML:2.0:attrname-format:basic" isRequired="true"/>
        <a:RequestedAttribute Name="https://data.gov.dk/model/core/eid/age" FriendlyName="Age" NameFormat="urn:oasis:names:tc:SAML:2.0:attrname-format:basic" isRequired="true"/>
        <a:RequestedAttribute Name="https://data.gov.dk/model/core/eid/person/pid" FriendlyName="Pid" NameFormat="urn:oasis:names:tc:SAML:2.0:attrname-format:basic" isRequired="true"/>
        <a:RequestedAttribute Name="https://data.gov.dk/model/core/eid/professional/rid" FriendlyName="Rid" NameFormat="urn:oasis:names:tc:SAML:2.0:attrname-format:basic" isRequired="true"/>
        <a:RequestedAttribute Name="https://data.gov.dk/model/core/eid/professional/cvr" FriendlyName="Cvr" NameFormat="urn:oasis:names:tc:SAML:2.0:attrname-format:basic" isRequired="true"/>
        <a:RequestedAttribute Name="https://data.gov.dk/model/core/eid/professional/orgName" FriendlyName="OrganizationName" NameFormat="urn:oasis:names:tc:SAML:2.0:attrname-format:basic" isRequired="true"/>
        <a:RequestedAttribute Name="https://data.gov.dk/model/core/eid/professional/productionUnit" FriendlyName="ProductionUnit" NameFormat="urn:oasis:names:tc:SAML:2.0:attrname-format:basic" isRequired="true"/>
        <a:RequestedAttribute Name="https://data.gov.dk/model/core/eid/professional/seNumber" FriendlyName="SeNumber" NameFormat="urn:oasis:names:tc:SAML:2.0:attrname-format:basic" isRequired="true"/>
        <a:RequestedAttribute Name="https://data.gov.dk/model/core/eid/professional/authorizedToRepresent" FriendlyName="AuthorizedToRepresent" NameFormat="urn:oasis:names:tc:SAML:2.0:attrname-format:basic" isRequired="true"/>
    </IDPSSODescriptor>
    <AttributeAuthorityDescriptor protocolSupportEnumeration="urn:oasis:names:tc:SAML:2.0:protocol">
        <KeyDescriptor use="signing">
            <KeyInfo xmlns="http://www.w3.org/2000/09/xmldsig#">
                <X509Data>
                    <X509Certificate>MIIGGjCCBQKgAwIBAgIEW6zG/jANBgkqhkiG9w0BAQsFADBIMQswCQYDVQQGEwJESzESMBAGA1UECgwJVFJVU1QyNDA4MSUwIwYDVQQDDBxUUlVTVDI0MDggU3lzdGVtdGVzdCBYWElJIENBMB4XDTE5MTAyOTE0MjE0MFoXDTIyMTAyOTEzMjExOFowgYQxCzAJBgNVBAYTAkRLMSEwHwYDVQQKDBhOTklUIEEvUyAvLyBDVlI6MjEwOTMxMDYxUjAlBgNVBAUTHkNWUjoyMTA5MzEwNi1GSUQ6MTMzNjQ2NzA5MjUwNzApBgNVBAMMIktGT0JTIC0gQURGUyAoZnVua3Rpb25zY2VydGlmaWthdCkwggEiMA0GCSqGSIb3DQEBAQUAA4IBDwAwggEKAoIBAQCimtnHLrxSJQ7e/9R8caWzAHESmFO1chI1oMlL7tfMflH5Ndgs9pfqfWKWI34hCTKEIitbGpi345q7tCSQDn8TMYQA/kmoT6zfCXUIDgi8QqZhr2qRhl9/j5s6dWN1H1E3P0fuoujJ4Kl1YAeWkdtuDWXvLXCboRV4CNR1tRZziFm1bQJg8sccB/dw4yC7PLrwAFUC4jwmaxQNk7zpZzD59SlVkK04v8nPAauJ29jz52WxIjxH7g36CCebsU8tNBI4k+Sx+IKtL35KPwGVmkXxYFOu20ljzohaMpBFXKk2YlEl9Mz4LuhIlmDPikI5NifJKrXhaUq4yHWdavsXaiavAgMBAAGjggLNMIICyTAOBgNVHQ8BAf8EBAMCA7gwgZcGCCsGAQUFBwEBBIGKMIGHMDwGCCsGAQUFBzABhjBodHRwOi8vb2NzcC5zeXN0ZW10ZXN0MjIudHJ1c3QyNDA4LmNvbS9yZXNwb25kZXIwRwYIKwYBBQUHMAKGO2h0dHA6Ly9mLmFpYS5zeXN0ZW10ZXN0MjIudHJ1c3QyNDA4LmNvbS9zeXN0ZW10ZXN0MjItY2EuY2VyMIIBIAYDVR0gBIIBFzCCARMwggEPBg0rBgEEAYH0UQIEBgQCMIH9MC8GCCsGAQUFBwIBFiNodHRwOi8vd3d3LnRydXN0MjQwOC5jb20vcmVwb3NpdG9yeTCByQYIKwYBBQUHAgIwgbwwDBYFRGFuSUQwAwIBARqBq0RhbklEIHRlc3QgY2VydGlmaWthdGVyIGZyYSBkZW5uZSBDQSB1ZHN0ZWRlcyB1bmRlciBPSUQgMS4zLjYuMS40LjEuMzEzMTMuMi40LjYuNC4yLiBEYW5JRCB0ZXN0IGNlcnRpZmljYXRlcyBmcm9tIHRoaXMgQ0EgYXJlIGlzc3VlZCB1bmRlciBPSUQgMS4zLjYuMS40LjEuMzEzMTMuMi40LjYuNC4yLjCBrQYDVR0fBIGlMIGiMD2gO6A5hjdodHRwOi8vY3JsLnN5c3RlbXRlc3QyMi50cnVzdDI0MDguY29tL3N5c3RlbXRlc3QyMjEuY3JsMGGgX6BdpFswWTELMAkGA1UEBhMCREsxEjAQBgNVBAoMCVRSVVNUMjQwODElMCMGA1UEAwwcVFJVU1QyNDA4IFN5c3RlbXRlc3QgWFhJSSBDQTEPMA0GA1UEAwwGQ1JMMTk0MB8GA1UdIwQYMBaAFKuoAUQZsLNDmdr6fMzSABgD5zy/MB0GA1UdDgQWBBSpt8j6qPtgnNxSmA6WuGctKPIUOzAJBgNVHRMEAjAAMA0GCSqGSIb3DQEBCwUAA4IBAQBjCecvD42FxJyEcQ0RRSTJxjV002KM2NJYCwPQ/iBPuTcDqPUR7s48C+FX7Crw+SG6Ls74y9KxUxX9i87irSITe73SrkDH1Vh+L1nQmg85RxCsHIVh++fwB8kAQPxzrVIXW4k8ZirzNDBaQe6WY/R5WT0EW/ETWnYv+T4Mrapg+Ljj/5x2YAJJZos8P98PCjKdq/UirLrtXsQJ4Xt1yBnHyerVkUhDBb54yd7UFtSbM+nAGsKvwV+4hnYa18pgtTsyHJ+3aPOK86ZUIww/8v5Dza/BmYT3XpayGms53oFMBZ35TVPs9VMMDxkln2FPBqCSP+KCQMLnnC5DFANyIyLx</X509Certificate>
                </X509Data>
            </KeyInfo>
        </KeyDescriptor>
        <AttributeService Binding="urn:oasis:names:tc:SAML:2.0:bindings:SOAP" Location="https://attributequery.test-devtest4-nemlog-in.dk/AttributeQuery.svc"/>
        <NameIDFormat>urn:oasis:names:tc:SAML:2.0:nameid-format:transient</NameIDFormat>
        <NameIDFormat>urn:oasis:names:tc:SAML:2.0:nameid-format:persistent</NameIDFormat>
        <a:RequestedAttribute Name="https://data.gov.dk/model/core/eid/professional/uuid/persistent" FriendlyName="ProfessionalPersistentUUID" NameFormat="urn:oasis:names:tc:SAML:2.0:attrname-format:basic" isRequired="true"/>
        <a:RequestedAttribute Name="https://data.gov.dk/model/core/eid/fullName" FriendlyName="FullName" NameFormat="urn:oasis:names:tc:SAML:2.0:attrname-format:basic" isRequired="true"/>
        <a:RequestedAttribute Name="https://data.gov.dk/model/core/eid/cprUuid" FriendlyName="CprUUID" NameFormat="urn:oasis:names:tc:SAML:2.0:attrname-format:basic" isRequired="true"/>
        <a:RequestedAttribute Name="https://data.gov.dk/model/core/eid/dateOfBirth" FriendlyName="DateOfBirth" NameFormat="urn:oasis:names:tc:SAML:2.0:attrname-format:basic" isRequired="true"/>
        <a:RequestedAttribute Name="https://data.gov.dk/model/core/eid/alias" FriendlyName="Alias" NameFormat="urn:oasis:names:tc:SAML:2.0:attrname-format:basic" isRequired="true"/>
        <a:RequestedAttribute Name="https://data.gov.dk/concept/core/nsis/loa" FriendlyName="NsisLoA" NameFormat="urn:oasis:names:tc:SAML:2.0:attrname-format:basic" isRequired="true"/>
        <a:RequestedAttribute Name="https://data.gov.dk/model/core/eid/firstName" FriendlyName="FirstName" NameFormat="urn:oasis:names:tc:SAML:2.0:attrname-format:basic" isRequired="true"/>
        <a:RequestedAttribute Name="https://data.gov.dk/model/core/eid/lastName" FriendlyName="LastName" NameFormat="urn:oasis:names:tc:SAML:2.0:attrname-format:basic" isRequired="true"/>
        <a:RequestedAttribute Name="https://data.gov.dk/model/core/eid/email" FriendlyName="Email" NameFormat="urn:oasis:names:tc:SAML:2.0:attrname-format:basic" isRequired="true"/>
        <a:RequestedAttribute Name="https://data.gov.dk/model/core/eid/cprNumber" FriendlyName="Cpr" NameFormat="urn:oasis:names:tc:SAML:2.0:attrname-format:basic" isRequired="true"/>
        <a:RequestedAttribute Name="https://data.gov.dk/model/core/eid/age" FriendlyName="Age" NameFormat="urn:oasis:names:tc:SAML:2.0:attrname-format:basic" isRequired="true"/>
        <a:RequestedAttribute Name="https://data.gov.dk/model/core/eid/person/pid" FriendlyName="Pid" NameFormat="urn:oasis:names:tc:SAML:2.0:attrname-format:basic" isRequired="true"/>
        <a:RequestedAttribute Name="https://data.gov.dk/model/core/eid/professional/rid" FriendlyName="Rid" NameFormat="urn:oasis:names:tc:SAML:2.0:attrname-format:basic" isRequired="true"/>
        <a:RequestedAttribute Name="https://data.gov.dk/model/core/eid/professional/cvr" FriendlyName="Cvr" NameFormat="urn:oasis:names:tc:SAML:2.0:attrname-format:basic" isRequired="true"/>
        <a:RequestedAttribute Name="https://data.gov.dk/model/core/eid/professional/orgName" FriendlyName="OrganizationName" NameFormat="urn:oasis:names:tc:SAML:2.0:attrname-format:basic" isRequired="true"/>
        <a:RequestedAttribute Name="https://data.gov.dk/model/core/eid/professional/productionUnit" FriendlyName="ProductionUnit" NameFormat="urn:oasis:names:tc:SAML:2.0:attrname-format:basic" isRequired="true"/>
        <a:RequestedAttribute Name="https://data.gov.dk/model/core/eid/professional/seNumber" FriendlyName="SeNumber" NameFormat="urn:oasis:names:tc:SAML:2.0:attrname-format:basic" isRequired="true"/>
        <a:RequestedAttribute Name="https://data.gov.dk/model/core/eid/professional/authorizedToRepresent" FriendlyName="AuthorizedToRepresent" NameFormat="urn:oasis:names:tc:SAML:2.0:attrname-format:basic" isRequired="true"/>
    </AttributeAuthorityDescriptor>
    <ContactPerson contactType="administrative">
        <Company>NemLog-in</Company>
        <GivenName>Kenneth</GivenName>
        <SurName>Mose Kruuse</SurName>
        <EmailAddress>nemlogin@digst.dk</EmailAddress>
        <TelephoneNumber>40733354</TelephoneNumber>
    </ContactPerson>
</EntityDescriptor>
